{"content": {"suites": {"0": {"status": {"total_pass": 5, "total_skip": 0, "total_xpass": 0, "total_xfail": 0, "total_rerun": 0, "total_fail": 2, "total_error": 0}, "tests": {"0": {"status": "PASS", "message": "", "test_name": "test_chatbot_tikla", "rerun": "0"}, "1": {"status": "FAIL", "message": "   selenium.common.exceptions.TimeoutException: Message: \n   Stacktrace:\n   \tGetHandleVerifier [0x00007FF727FA1502+60802]\n   \t(No symbol) [0x00007FF727F1AC02]\n   \t(No symbol) [0x00007FF727DD7CE4]\n   \t(No symbol) [0x00007FF727E26D4D]\n   \t(No symbol) [0x00007FF727E26E1C]\n   \t(No symbol) [0x00007FF727E6CE37]\n   \t(No symbol) [0x00007FF727E4ABBF]\n   \t(No symbol) [0x00007FF727E6A224]\n   \t(No symbol) [0x00007FF727E4A923]\n   \t(No symbol) [0x00007FF727E18FEC]\n   \t(No symbol) [0x00007FF727E19C21]\n   \tGetHandleVerifier [0x00007FF7282A411D+3217821]\n   \tGetHandleVerifier [0x00007FF7282E60B7+3488055]\n   \tGetHandleVerifier [0x00007FF7282DF03F+3459263]\n   \tGetHandleVerifier [0x00007FF72805B846+823494]\n   \t(No symbol) [0x00007FF727F25F9F]\n   \t(No symbol) [0x00007FF727F20EC4]\n   \t(No symbol) [0x00007FF727F21052]\n   \t(No symbol) [0x00007FF727F118A4]\n   \tBaseThreadInitThunk [0x00007FFAA574257D+29]\n   \tRtlUserThreadStart [0x00007FFAA680AA48+40]\n", "test_name": "test_chatbot_kucultme", "rerun": "0"}, "2": {"status": "PASS", "message": "", "test_name": "test_gorusmey\u0131_sonland\u0131r", "rerun": "0"}, "3": {"status": "PASS", "message": "", "test_name": "test_emoj\u0131", "rerun": "0"}, "4": {"status": "FAIL", "message": "   selenium.common.exceptions.ElementClickInterceptedException: Message: element click intercepted: Element is not clickable at point (955, 1027)\n     (Session info: chrome=124.0.6367.118)\n   Stacktrace:\n   \tGetHandleVerifier [0x00007FF727FA1502+60802]\n   \t(No symbol) [0x00007FF727F1AC02]\n   \t(No symbol) [0x00007FF727DD7CE4]\n   \t(No symbol) [0x00007FF727E2E877]\n   \t(No symbol) [0x00007FF727E2C344]\n   \t(No symbol) [0x00007FF727E2980A]\n   \t(No symbol) [0x00007FF727E289E2]\n   \t(No symbol) [0x00007FF727E1AE8B]\n   \t(No symbol) [0x00007FF727E4AB7A]\n   \t(No symbol) [0x00007FF727E1A7C6]\n   \t(No symbol) [0x00007FF727E4AD90]\n   \t(No symbol) [0x00007FF727E6A224]\n   \t(No symbol) [0x00007FF727E4A923]\n   \t(No symbol) [0x00007FF727E18FEC]\n   \t(No symbol) [0x00007FF727E19C21]\n   \tGetHandleVerifier [0x00007FF7282A411D+3217821]\n   \tGetHandleVerifier [0x00007FF7282E60B7+3488055]\n   \tGetHandleVerifier [0x00007FF7282DF03F+3459263]\n   \tGetHandleVerifier [0x00007FF72805B846+823494]\n   \t(No symbol) [0x00007FF727F25F9F]\n   \t(No symbol) [0x00007FF727F20EC4]\n   \t(No symbol) [0x00007FF727F21052]\n   \t(No symbol) [0x00007FF727F118A4]\n   \tBaseThreadInitThunk [0x00007FFAA574257D+29]\n   \tRtlUserThreadStart [0x00007FFAA680AA48+40]\n", "test_name": "test_dosya", "rerun": "0"}, "5": {"status": "PASS", "message": "", "test_name": "test_surukle", "rerun": "0"}, "6": {"status": "PASS", "message": "", "test_name": "test_mesaj", "rerun": "0"}}, "suite_name": "SO06_Chatbot/test_chatbot.py"}}}, "date": "May 03, 2024", "start_time": 1714759016.368853, "total_suite": 1, "status": "FAIL", "status_list": {"pass": "5", "fail": "2", "skip": "0", "error": "0", "xpass": "0", "xfail": "0", "rerun": "0"}, "total_tests": "7"}